빌드 시작: 2015-08-26 오후 5:29:52
     1>2 노드의 "C:\dev\prezentainer\Window\통신프로그램\통신프로그램\통신프로그램.vcxproj" 프로젝트(build 대상)입니다.
     1>InitializeBuildStatus:
         "AlwaysCreate"이(가) 지정되었기 때문에 "Debug\통신프로그램.unsuccessfulbuild"을(를) 만들고 있습니다.
       GenerateTargetFrameworkMonikerAttribute:
       해당 입력 파일과 비교하여 출력 파일이 모두 최신 파일이므로 "GenerateTargetFrameworkMonikerAttribute" 대상을 건너뜁니다.
       ClCompile:
         모든 출력이 최신 상태입니다.
         모든 출력이 최신 상태입니다.
         모든 출력이 최신 상태입니다.
       CoreResGen:
         리소스의 소스 파일을 기준으로 만료된 리소스가 없습니다. 리소스 생성을 건너뜁니다.
       ResourceCompile:
         모든 출력이 최신 상태입니다.
       Link:
         모든 출력이 최신 상태입니다.
         통신프로그램.vcxproj -> C:\dev\prezentainer\Window\통신프로그램\Debug\통신프로그램.exe
       FinalizeBuildStatus:
         "Debug\통신프로그램.unsuccessfulbuild" 파일을 삭제하고 있습니다.
         "Debug\통신프로그램.lastbuildstate"에 연결(touching)하고 있습니다.
     1>"C:\dev\prezentainer\Window\통신프로그램\통신프로그램\통신프로그램.vcxproj" 프로젝트를 빌드했습니다(build 대상).

빌드했습니다.

경과 시간: 00:00:00.31
