빌드 시작: 2015-08-27 오전 11:00:15
     1>2 노드의 "C:\Users\SAMSUNG\Desktop\프로그래밍 폴더\Prezentainer\Prezentainer\Prezentainer.vcxproj" 프로젝트(build 대상)입니다.
     1>InitializeBuildStatus:
         "AlwaysCreate"이(가) 지정되었기 때문에 "Debug\Prezentainer.unsuccessfulbuild"을(를) 만들고 있습니다.
       GenerateTargetFrameworkMonikerAttribute:
       해당 입력 파일과 비교하여 출력 파일이 모두 최신 파일이므로 "GenerateTargetFrameworkMonikerAttribute" 대상을 건너뜁니다.
       ClCompile:
         모든 출력이 최신 상태입니다.
         c:\Program Files (x86)\Microsoft Visual Studio 10.0\VC\bin\CL.exe /c /AI"C:\Program Files (x86)\Reference Assemblies\Microsoft\Framework\.NETFramework\v4.0" /Zi /clr /nologo /W3 /WX- /Od /Oy- /D WIN32 /D _DEBUG /D _MBCS /EHa /MDd /GS /fp:precise /Zc:wchar_t /Zc:forScope /Yu"StdAfx.h" /Fp"Debug\Prezentainer.pch" /Fo"Debug\\" /Fd"Debug\vc100.pdb" /TP /FU"C:\Program Files (x86)\Reference Assemblies\Microsoft\Framework\.NETFramework\v4.0\System.Core.dll" /FU"C:\Program Files (x86)\Reference Assemblies\Microsoft\Framework\.NETFramework\v4.0\System.Data.dll" /FU"C:\Program Files (x86)\Reference Assemblies\Microsoft\Framework\.NETFramework\v4.0\System.dll" /FU"C:\Program Files (x86)\Reference Assemblies\Microsoft\Framework\.NETFramework\v4.0\System.Drawing.dll" /FU"C:\Program Files (x86)\Reference Assemblies\Microsoft\Framework\.NETFramework\v4.0\System.Windows.Forms.dll" /FU"C:\Program Files (x86)\Reference Assemblies\Microsoft\Framework\.NETFramework\v4.0\System.Xml.dll" /analyze- /errorReport:prompt Prezentainer.cpp /clr:nostdlib 
         Prezentainer.cpp
     1>c:\users\samsung\desktop\프로그래밍 폴더\prezentainer\prezentainer\Form1.h(63): warning C4996: 'strcpy': This function or variable may be unsafe. Consider using strcpy_s instead. To disable deprecation, use _CRT_SECURE_NO_WARNINGS. See online help for details.
                 c:\Program Files (x86)\Microsoft Visual Studio 10.0\VC\include\string.h(105) : 'strcpy' 선언을 참조하십시오.
     1>c:\users\samsung\desktop\프로그래밍 폴더\prezentainer\prezentainer\Form1.h(68): warning C4996: 'strcpy': This function or variable may be unsafe. Consider using strcpy_s instead. To disable deprecation, use _CRT_SECURE_NO_WARNINGS. See online help for details.
                 c:\Program Files (x86)\Microsoft Visual Studio 10.0\VC\include\string.h(105) : 'strcpy' 선언을 참조하십시오.
     1>c:\users\samsung\desktop\프로그래밍 폴더\prezentainer\prezentainer\Form1.h(265): warning C4996: 'strcat': This function or variable may be unsafe. Consider using strcat_s instead. To disable deprecation, use _CRT_SECURE_NO_WARNINGS. See online help for details.
                 c:\Program Files (x86)\Microsoft Visual Studio 10.0\VC\include\string.h(110) : 'strcat' 선언을 참조하십시오.
         모든 출력이 최신 상태입니다.
       CoreResGen:
         "C:\Program Files (x86)\Microsoft SDKs\Windows\v7.0A\bin\NETFX 4.0 Tools\resgen.exe" /useSourcePath /r:"C:\Program Files (x86)\Reference Assemblies\Microsoft\Framework\.NETFramework\v4.0\System.Core.dll" /r:"C:\Program Files (x86)\Reference Assemblies\Microsoft\Framework\.NETFramework\v4.0\System.Data.dll" /r:"C:\Program Files (x86)\Reference Assemblies\Microsoft\Framework\.NETFramework\v4.0\System.dll" /r:"C:\Program Files (x86)\Reference Assemblies\Microsoft\Framework\.NETFramework\v4.0\System.Drawing.dll" /r:"C:\Program Files (x86)\Reference Assemblies\Microsoft\Framework\.NETFramework\v4.0\System.Windows.Forms.dll" /r:"C:\Program Files (x86)\Reference Assemblies\Microsoft\Framework\.NETFramework\v4.0\System.Xml.dll" /compile Form1.resX,Debug\Prezentainer.Form1.resources
         리소스 파일 "Form1.resX"을(를) "Debug\Prezentainer.Form1.resources"(으)로 처리하고 있습니다.
       ResourceCompile:
         모든 출력이 최신 상태입니다.
       Link:
         c:\Program Files (x86)\Microsoft Visual Studio 10.0\VC\bin\link.exe /ERRORREPORT:PROMPT /OUT:"C:\Users\SAMSUNG\Desktop\프로그래밍 폴더\Prezentainer\Debug\Prezentainer.exe" /INCREMENTAL /NOLOGO User32.lib /ASSEMBLYRESOURCE:Debug\Prezentainer.Form1.resources /INCLUDE:"__DllMainCRTStartup@12" /MANIFEST /ManifestFile:"Debug\Prezentainer.exe.intermediate.manifest" /MANIFESTUAC:"level='asInvoker' uiAccess='false'" /DEBUG /PDB:"C:\Users\SAMSUNG\Desktop\프로그래밍 폴더\Prezentainer\Debug\Prezentainer.pdb" /ASSEMBLYDEBUG /SUBSYSTEM:WINDOWS /TLBID:1 /ENTRY:"main" /DYNAMICBASE /FIXED:NO /NXCOMPAT /MACHINE:X86 Debug\app.res
         Debug\AssemblyInfo.obj
         Debug\Prezentainer.obj
         Debug\SerialPort.obj
         Debug\stdafx.obj
         "Debug\.NETFramework,Version=v4.0.AssemblyAttributes.obj"
     1>Prezentainer.obj : warning LNK4248: 확인되지 않은 형식 정의 토큰 (01000048)이 있습니다('boost.detail.win32._SECURITY_ATTRIBUTES'). 이미지가 실행되지 않습니다.
         Prezentainer.vcxproj -> C:\Users\SAMSUNG\Desktop\프로그래밍 폴더\Prezentainer\Debug\Prezentainer.exe
       Manifest:
         C:\Program Files (x86)\Microsoft SDKs\Windows\v7.0A\bin\mt.exe /nologo /verbose /outputresource:"C:\Users\SAMSUNG\Desktop\프로그래밍 폴더\Prezentainer\Debug\Prezentainer.exe;#1" /manifest Debug\Prezentainer.exe.intermediate.manifest
       FinalizeBuildStatus:
         "Debug\Prezentainer.unsuccessfulbuild" 파일을 삭제하고 있습니다.
         "Debug\Prezentainer.lastbuildstate"에 연결(touching)하고 있습니다.
     1>"C:\Users\SAMSUNG\Desktop\프로그래밍 폴더\Prezentainer\Prezentainer\Prezentainer.vcxproj" 프로젝트를 빌드했습니다(build 대상).

빌드했습니다.

경과 시간: 00:00:04.86
